[2022-05-05 14:29:43,146] [log.py|__console] [line:40] INFO    : 断言系统的提示-- 密码不能为空！ == 密码不能为空！
[2022-05-05 14:29:44,484] [log.py|__console] [line:40] INFO    : 断言系统的提示-- 请输入正确的手机号码！ == 请输入正确的手机号码！
[2022-05-05 14:29:45,742] [log.py|__console] [line:40] INFO    : 断言系统的提示-- 输入的账号或密码错误~ == 输入的账号或密码错误~
[2022-05-05 14:29:47,917] [log.py|__console] [line:40] INFO    : 断言系统的提示-- 输入的账号或密码错误~ == 输入的账号或密码错误~
[2022-05-05 14:29:49,401] [log.py|__console] [line:40] INFO    : 断言系统的提示-- 请输入手机号码 == 请输入手机号码
[2022-05-05 14:29:50,987] [log.py|__console] [line:40] INFO    : 断言系统的提示-- 发送成功 == 帐号未注册，发送失败
[2022-05-05 14:30:08,258] [log.py|__console] [line:40] INFO    : 断言系统的提示-- None == 验证码错误
[2022-05-05 14:30:10,858] [log.py|__console] [line:40] INFO    : 断言系统的提示-- 请输入正确的手机号码！ == 请输入正确的手机号码
[2022-05-05 14:30:34,207] [log.py|__console] [line:40] INFO    : 断言系统的提示-- 手机号码不能为空 == 手机号码不能为空
[2022-05-05 14:30:35,640] [log.py|__console] [line:40] INFO    : 断言系统的提示-- 手机号码不能为空 == 手机号码不能为空
[2022-05-05 14:30:36,909] [log.py|__console] [line:40] INFO    : 断言系统的提示-- 请输入手机号码 == 请输入手机号码
[2022-05-05 14:30:38,137] [log.py|__console] [line:40] INFO    : 断言系统的提示-- 发送成功 == 帐号已注册，发送失败
[2022-05-05 14:30:54,729] [log.py|__console] [line:40] INFO    : 断言系统的提示-- None == 验证码发送失败、请输入正确的手机号码
[2022-05-05 14:30:58,124] [log.py|__console] [line:40] INFO    : 断言系统的提示-- 验证码不正确 == 验证码不正确
[2022-05-05 14:30:58,715] [log.py|__console] [line:40] INFO    : 断言系统的提示-- 验证码不正确 == 验证码无效，请查验后再试
[2022-05-05 14:31:00,658] [log.py|__console] [line:40] INFO    : 断言系统的提示-- 请输入手机号码 == 请输入手机号码
[2022-05-05 14:31:04,439] [log.py|__console] [line:40] INFO    : 断言系统的提示-- 发送成功 == 帐号已注册，发送失败
[2022-05-05 14:31:23,740] [log.py|__console] [line:40] INFO    : 断言系统的提示-- None == 手机号格式不正确
[2022-05-05 14:31:25,232] [log.py|__console] [line:40] INFO    : 断言系统的提示-- 验证码不正确 == 验证码不正确
[2022-05-05 14:31:25,822] [log.py|__console] [line:40] INFO    : 断言系统的提示-- 验证码不正确 == 验证码无效，请查验后再试
