[2022-05-16 11:41:04,364] [log.py|__console] [line:40] INFO    : 点击 loginSty 元素跳转到登录页
[2022-05-16 11:41:05,073] [log.py|__console] [line:40] INFO    : 定位 [placeholder='请输入手机号'] 元素进行手机号输入
[2022-05-16 11:41:05,159] [log.py|__console] [line:40] INFO    : 定位 [placeholder='请输入密码'] 元素进行密码输入
[2022-05-16 11:41:05,243] [log.py|__console] [line:40] INFO    : 点击 //span[text()='登录'] 元素进行登录操作
[2022-05-16 11:41:05,320] [log.py|__console] [line:40] INFO    : 切换模块-- //li[text()='我的简历']
[2022-05-16 11:41:05,892] [log.py|__console] [line:40] INFO    : 点击我的名片中的编辑按钮-- //div[@class='myMessage2']//span[@class='riCompile']/span
[2022-05-16 11:41:06,001] [log.py|__console] [line:40] INFO    : 点击想要的工作按钮-- .wantjob .btn
[2022-05-16 11:41:06,065] [log.py|__console] [line:40] INFO    : 选择想要的一级工作-- //div[@class='el-scrollbar__view']//span[text()='服务行业']
[2022-05-16 11:41:06,124] [log.py|__console] [line:40] INFO    : 选择想要的二级工作-- //div[@class='el-scrollbar__view']//span[text()='司机']
[2022-05-16 11:41:06,175] [log.py|__console] [line:40] INFO    : 获取三级工作岗位数量-- //ul[@class='threeList']/li
[2022-05-16 11:41:06,189] [log.py|__console] [line:40] INFO    : 选择想要的三级工作-- //ul[@class='threeList']/li
[2022-05-16 11:41:06,236] [log.py|__console] [line:40] INFO    : 选择想要的三级工作-- //ul[@class='threeList']/li
[2022-05-16 11:41:06,299] [log.py|__console] [line:40] INFO    : 选择想要的三级工作-- //ul[@class='threeList']/li
[2022-05-16 11:41:06,341] [log.py|__console] [line:40] INFO    : 选择想要的三级工作-- //ul[@class='threeList']/li
[2022-05-16 11:41:06,379] [log.py|__console] [line:40] INFO    : 选择想要的三级工作-- //ul[@class='threeList']/li
[2022-05-16 11:41:06,417] [log.py|__console] [line:40] INFO    : 获取已选择的想要的工作-- //div[@class='addressbox']//span[@class='xuanzhongCity']
[2022-05-16 11:41:06,493] [log.py|__console] [line:40] INFO    : 选择想要的工作-- .bottomBtn .Btn
[2022-05-16 11:41:06,532] [log.py|__console] [line:40] INFO    : 确认修改编辑后的我的名片-- //div[@class='compileMyMessage']//span[@class='riCompile']/span[2]
[2022-05-16 11:41:08,564] [log.py|__console] [line:40] INFO    : 获取用户期望职位-- //div[@class='myMessage2']//div[@class='btn']/span
[2022-05-16 11:41:08,767] [log.py|__console] [line:40] INFO    : 鼠标悬停到个人头像上-- .monicker.fl.clearfix
