[2022-05-13 11:42:32,737] [log.py|__console] [line:40] INFO    : 点击 loginSty 元素跳转到登录页
[2022-05-13 11:42:32,793] [log.py|__console] [line:40] INFO    : 定位 [placeholder='请输入手机号'] 元素进行手机号输入
[2022-05-13 11:42:32,885] [log.py|__console] [line:40] INFO    : 定位 [placeholder='请输入密码'] 元素进行密码输入
[2022-05-13 11:42:32,966] [log.py|__console] [line:40] INFO    : 点击 //span[text()='登录'] 元素进行登录操作
[2022-05-13 11:42:33,031] [log.py|__console] [line:40] INFO    : 切换模块-- //li[text()='我的简历']
[2022-05-13 11:42:33,620] [log.py|__console] [line:40] INFO    : 获取我的名片中全部文本-- div.myMessage2 div
[2022-05-13 11:42:34,146] [log.py|__console] [line:40] INFO    : 获取工作经验中全部文本-- div.myMessage3 div
[2022-05-13 11:42:34,665] [log.py|__console] [line:40] INFO    : 获取技能证书中全部文本-- div.myMessage4 div
[2022-05-13 11:42:35,184] [log.py|__console] [line:40] INFO    : 点击简历刷新-- div.rinei>div:first-child h2:first-child span+a span span
[2022-05-13 11:42:35,261] [log.py|__console] [line:40] INFO    : 获取我的名片中全部文本-- div.myMessage2 div
[2022-05-13 11:42:35,828] [log.py|__console] [line:40] INFO    : 获取工作经验中全部文本-- div.myMessage3 div
[2022-05-13 11:42:36,355] [log.py|__console] [line:40] INFO    : 获取技能证书中全部文本-- div.myMessage4 div
[2022-05-13 11:42:37,022] [log.py|__console] [line:46] ERROR   : 等等
男|22岁|博士|应届生
电工学徒工锅炉工
地址：广东省广州市白云区
自我介绍：自我介绍 ☔️ 自我介绍 ☔️ 自我介绍 ☔️ 自自我介绍 ☔️ 介绍 ☔️ 自我介绍 ☔️ 自我介绍 ☔️
[2022-05-13 11:42:37,023] [log.py|__console] [line:46] ERROR   : 等等
男|22岁|博士| 应届生
地址：广东省广州市白云区
自我介绍：自我介绍 ☔️ 自我介绍 ☔️ 自我介绍 ☔️ 自自我介绍 ☔️ 介绍 ☔️ 自我介绍 ☔️ 自我介绍 ☔️
[2022-05-13 11:42:37,027] [log.py|__console] [line:46] ERROR   : 暂时没有工作经历，点击有上角编辑添加~
[2022-05-13 11:42:37,027] [log.py|__console] [line:46] ERROR   : 暂时未添加工作经历!!!
[2022-05-13 11:42:37,031] [log.py|__console] [line:46] ERROR   : 暂时没有技能证书，点击有上角编辑添加~
[2022-05-13 11:42:37,032] [log.py|__console] [line:46] ERROR   : 暂时未添加技能证书!!!
[2022-05-13 11:42:37,055] [log.py|__console] [line:40] INFO    : 鼠标悬停到个人头像上-- .monicker.fl.clearfix
[2022-05-13 11:42:52,232] [log.py|__console] [line:46] ERROR   : <pages.login_login.LoginFun object at 0x000000000396ECA0>页面未找到('css selector', '.monicker.fl.clearfix')元素
[2022-05-13 11:42:52,232] [log.py|__console] [line:46] ERROR   : move_to requires a WebElement
[2022-05-13 11:43:07,425] [log.py|__console] [line:46] ERROR   : <pages.login_login.LoginFun object at 0x000000000396ECA0>页面未找到('css selector', 'div.exit')元素
[2022-05-13 11:43:07,425] [log.py|__console] [line:46] ERROR   : 'NoneType' object has no attribute 'click'
