[2022-05-12 15:12:04,643] [log.py|__console] [line:40] INFO    : 点击 loginSty 元素跳转到登录页
[2022-05-12 15:12:05,494] [log.py|__console] [line:40] INFO    : 定位 [placeholder='请输入手机号'] 元素进行手机号输入
[2022-05-12 15:12:05,584] [log.py|__console] [line:40] INFO    : 定位 [placeholder='请输入密码'] 元素进行密码输入
[2022-05-12 15:12:05,659] [log.py|__console] [line:40] INFO    : 点击 //span[text()='登录'] 元素进行登录操作
[2022-05-12 15:12:05,715] [log.py|__console] [line:40] INFO    : 获取导航栏用户姓名-- div.monicker.fl.clearfix>span.nameSty
[2022-05-12 15:12:06,235] [log.py|__console] [line:40] INFO    : 获取当前用户的用户姓名-- div.top>span.name
[2022-05-12 15:12:06,757] [log.py|__console] [line:40] INFO    : 点击完善求职信息-- div.message a
[2022-05-12 15:12:06,826] [log.py|__console] [line:40] INFO    : 切换到个人中心-- //div[@class='myMessage']//span[@class='leBorder']/..
[2022-05-12 15:12:07,348] [log.py|__console] [line:40] INFO    : 返回我的信息页-- div.message a
[2022-05-12 15:12:07,411] [log.py|__console] [line:40] INFO    : 点击我的投递-- //p[text()='我的投递']
[2022-05-12 15:12:07,484] [log.py|__console] [line:40] INFO    : 切换到个人中心-- //div[@class='myMessage']//span[@class='leBorder']/..
[2022-05-12 15:12:08,000] [log.py|__console] [line:40] INFO    : 返回我的信息页-- div.message a
[2022-05-12 15:12:08,049] [log.py|__console] [line:40] INFO    : 点击我的收藏-- //p[text()='我的收藏']
[2022-05-12 15:12:08,113] [log.py|__console] [line:40] INFO    : 切换到个人中心-- //div[@class='myMessage']//span[@class='leBorder']/..
[2022-05-12 15:12:08,770] [log.py|__console] [line:40] INFO    : 点击我的报名-- //p[text()='我的报名']
[2022-05-12 15:12:23,959] [log.py|__console] [line:46] ERROR   : <pages.personal_center.PersonalCenter object at 0x0000000003920040>页面未找到('xpath', "//p[text()='我的报名']")元素
[2022-05-12 15:12:23,959] [log.py|__console] [line:46] ERROR   : 'NoneType' object has no attribute 'click'
[2022-05-12 15:12:23,960] [log.py|__console] [line:40] INFO    : 切换到个人中心-- //div[@class='myMessage']//span[@class='leBorder']/..
[2022-05-12 15:12:24,472] [log.py|__console] [line:40] INFO    : 返回我的信息页-- div.message a
[2022-05-12 15:12:24,519] [log.py|__console] [line:40] INFO    : 鼠标悬停到个人头像上-- .monicker.fl.clearfix
