[2022-05-09 17:57:29,207] [log.py|__console] [line:40] INFO    : 鼠标悬停，停留在服务行业，对行业详情进行展开-- //ul[@class='above']//div[text()='服务行业' and @class='fl']
[2022-05-09 17:57:29,495] [log.py|__console] [line:40] INFO    : 选择三级岗位--  促销导购 
[2022-05-09 17:57:30,123] [log.py|__console] [line:40] INFO    : 获取列表中的岗位名称-- //div[@class='leftCentent']/ul[1]//p[@class='textStyle']/span[1]
[2022-05-09 17:57:30,642] [log.py|__console] [line:40] INFO    : 获取列表中的企业名称-- //div[@class='leftCentent']/ul[1]//p[@class='textStyle']/span[2]
[2022-05-09 17:57:31,161] [log.py|__console] [line:40] INFO    : 获取列表中的岗位类型-- //div[@class='leftCentent']/ul[1]//span[@class='Textright']
[2022-05-09 17:57:31,694] [log.py|__console] [line:40] INFO    : 获取列表中的岗位名称-- //div[@class='leftCentent']/ul[2]//p[@class='textStyle']/span[1]
[2022-05-09 17:57:32,214] [log.py|__console] [line:40] INFO    : 获取列表中的企业名称-- //div[@class='leftCentent']/ul[2]//p[@class='textStyle']/span[2]
[2022-05-09 17:57:32,733] [log.py|__console] [line:40] INFO    : 获取列表中的岗位类型-- //div[@class='leftCentent']/ul[2]//span[@class='Textright']
[2022-05-09 17:57:33,264] [log.py|__console] [line:40] INFO    : 获取列表中的岗位名称-- //div[@class='leftCentent']/ul[3]//p[@class='textStyle']/span[1]
[2022-05-09 17:57:33,784] [log.py|__console] [line:40] INFO    : 获取列表中的企业名称-- //div[@class='leftCentent']/ul[3]//p[@class='textStyle']/span[2]
[2022-05-09 17:57:34,305] [log.py|__console] [line:40] INFO    : 获取列表中的岗位类型-- //div[@class='leftCentent']/ul[3]//span[@class='Textright']
[2022-05-09 17:57:34,839] [log.py|__console] [line:40] INFO    : 获取列表中的岗位名称-- //div[@class='leftCentent']/ul[4]//p[@class='textStyle']/span[1]
[2022-05-09 17:57:35,359] [log.py|__console] [line:40] INFO    : 获取列表中的企业名称-- //div[@class='leftCentent']/ul[4]//p[@class='textStyle']/span[2]
[2022-05-09 17:57:35,879] [log.py|__console] [line:40] INFO    : 获取列表中的岗位类型-- //div[@class='leftCentent']/ul[4]//span[@class='Textright']
[2022-05-09 17:57:36,409] [log.py|__console] [line:40] INFO    : 获取列表中的岗位名称-- //div[@class='leftCentent']/ul[5]//p[@class='textStyle']/span[1]
[2022-05-09 17:57:36,932] [log.py|__console] [line:40] INFO    : 获取列表中的企业名称-- //div[@class='leftCentent']/ul[5]//p[@class='textStyle']/span[2]
[2022-05-09 17:57:37,452] [log.py|__console] [line:40] INFO    : 获取列表中的岗位类型-- //div[@class='leftCentent']/ul[5]//span[@class='Textright']
[2022-05-09 17:57:37,982] [log.py|__console] [line:40] INFO    : 获取列表中的岗位名称-- //div[@class='leftCentent']/ul[6]//p[@class='textStyle']/span[1]
[2022-05-09 17:57:38,502] [log.py|__console] [line:40] INFO    : 获取列表中的企业名称-- //div[@class='leftCentent']/ul[6]//p[@class='textStyle']/span[2]
[2022-05-09 17:57:39,021] [log.py|__console] [line:40] INFO    : 获取列表中的岗位类型-- //div[@class='leftCentent']/ul[6]//span[@class='Textright']
[2022-05-09 17:57:39,552] [log.py|__console] [line:40] INFO    : 获取列表中的岗位名称-- //div[@class='leftCentent']/ul[7]//p[@class='textStyle']/span[1]
[2022-05-09 17:57:40,072] [log.py|__console] [line:40] INFO    : 获取列表中的企业名称-- //div[@class='leftCentent']/ul[7]//p[@class='textStyle']/span[2]
[2022-05-09 17:57:40,592] [log.py|__console] [line:40] INFO    : 获取列表中的岗位类型-- //div[@class='leftCentent']/ul[7]//span[@class='Textright']
[2022-05-09 17:57:41,124] [log.py|__console] [line:40] INFO    : 获取列表中的岗位名称-- //div[@class='leftCentent']/ul[8]//p[@class='textStyle']/span[1]
[2022-05-09 17:57:41,643] [log.py|__console] [line:40] INFO    : 获取列表中的企业名称-- //div[@class='leftCentent']/ul[8]//p[@class='textStyle']/span[2]
[2022-05-09 17:57:42,164] [log.py|__console] [line:40] INFO    : 获取列表中的岗位类型-- //div[@class='leftCentent']/ul[8]//span[@class='Textright']
[2022-05-09 17:57:57,880] [log.py|__console] [line:46] ERROR   : <pages.job_search.JobSearch object at 0x000000000392FCD0>页面未找到('xpath', "//div[@class='leftCentent']/ul[9]")元素
