[2022-05-05 11:58:35,865] [log.py|__console] [line:40] INFO    : 断言系统的提示-- 密码不能为空！ == 密码不能为空！
[2022-05-05 11:58:37,086] [log.py|__console] [line:40] INFO    : 断言系统的提示-- 请输入正确的手机号码！ == 请输入正确的手机号码！
[2022-05-05 11:58:38,423] [log.py|__console] [line:40] INFO    : 断言系统的提示-- 输入的账号或密码错误~ == 输入的账号或密码错误~
[2022-05-05 11:58:39,668] [log.py|__console] [line:40] INFO    : 断言系统的提示-- 输入的账号或密码错误~ == 输入的账号或密码错误~
[2022-05-05 11:58:40,870] [log.py|__console] [line:40] INFO    : 断言系统的提示-- 请输入手机号码 == 请输入手机号码
[2022-05-05 11:58:42,131] [log.py|__console] [line:40] INFO    : 断言系统的提示-- 发送成功 == 帐号未注册，发送失败
[2022-05-05 11:58:58,676] [log.py|__console] [line:40] INFO    : 断言系统的提示-- None == 验证码错误
[2022-05-05 11:59:15,751] [log.py|__console] [line:40] INFO    : 断言系统的提示-- None == 验证码错误
[2022-05-05 11:59:29,808] [log.py|__console] [line:40] INFO    : 断言系统的提示-- 手机号码不能为空 == 手机号码不能为空
[2022-05-05 11:59:31,087] [log.py|__console] [line:40] INFO    : 断言系统的提示-- 手机号码不能为空 == 手机号码不能为空
[2022-05-05 11:59:32,261] [log.py|__console] [line:40] INFO    : 断言系统的提示-- 请输入手机号码 == 请输入手机号码
[2022-05-05 11:59:33,486] [log.py|__console] [line:40] INFO    : 断言系统的提示-- 发送成功 == 帐号已注册，发送失败
[2022-05-05 11:59:49,829] [log.py|__console] [line:40] INFO    : 断言系统的提示-- None == 验证码发送失败、请输入正确的手机号码
[2022-05-05 11:59:51,423] [log.py|__console] [line:40] INFO    : 断言系统的提示-- 验证码不正确 == 验证码不正确
[2022-05-05 11:59:52,003] [log.py|__console] [line:40] INFO    : 断言系统的提示-- 验证码不正确 == 验证码无效，请查验后再试
[2022-05-05 11:59:53,223] [log.py|__console] [line:40] INFO    : 断言系统的提示-- 请输入手机号码 == 请输入手机号码
[2022-05-05 11:59:54,514] [log.py|__console] [line:40] INFO    : 断言系统的提示-- 发送成功 == 帐号已注册，发送失败
[2022-05-05 12:00:10,959] [log.py|__console] [line:40] INFO    : 断言系统的提示-- None == 手机号格式不正确
[2022-05-05 12:00:12,400] [log.py|__console] [line:40] INFO    : 断言系统的提示-- 验证码不正确 == 验证码不正确
[2022-05-05 12:00:12,978] [log.py|__console] [line:40] INFO    : 断言系统的提示-- 验证码不正确 == 验证码无效，请查验后再试
