[2022-05-14 15:12:01,100] [log.py|__console] [line:40] INFO    : 点击 loginSty 元素跳转到登录页
[2022-05-14 15:12:01,163] [log.py|__console] [line:40] INFO    : 定位 [placeholder='请输入手机号'] 元素进行手机号输入
[2022-05-14 15:12:01,255] [log.py|__console] [line:40] INFO    : 定位 [placeholder='请输入密码'] 元素进行密码输入
[2022-05-14 15:12:01,333] [log.py|__console] [line:40] INFO    : 点击 //span[text()='登录'] 元素进行登录操作
[2022-05-14 15:12:01,388] [log.py|__console] [line:40] INFO    : 切换模块-- //li[text()='我的简历']
[2022-05-14 15:12:01,964] [log.py|__console] [line:40] INFO    : 点击我的名片中的编辑按钮-- //div[@class='myMessage2']//span[@class='riCompile']/span
[2022-05-14 15:12:02,070] [log.py|__console] [line:40] INFO    : 编辑名片中，点击生日控件-- //div[@class='xinxi']/div[@class='top'][1]//input
[2022-05-14 15:12:04,435] [log.py|__console] [line:40] INFO    : 切换出生日期-- .available * span:nth-child(1)
[2022-05-14 15:12:04,481] [log.py|__console] [line:40] INFO    : 点击学历选择框-- div.xinxi div.el-select input.el-input__inner
[2022-05-14 15:12:04,546] [log.py|__console] [line:40] INFO    : 选择学历-- div[x-placement=top-start]
[2022-05-14 15:12:04,596] [log.py|__console] [line:40] INFO    : 点击工龄选择框-- div.wantjob div.el-select input.el-input__inner
[2022-05-14 15:12:04,645] [log.py|__console] [line:40] INFO    : 选择工龄-- //span[text()='3-5年']
[2022-05-14 15:17:38,323] [log.py|__console] [line:40] INFO    : 确认修改编辑后的我的名片-- //div[@class='compileMyMessage']//span[@class='riCompile']/span[2]
[2022-05-14 15:17:39,589] [log.py|__console] [line:40] INFO    : 获取用户信息-- //div[@class='myMessage2']//div[@class='xinxi']/span[2]
[2022-05-14 15:17:43,467] [log.py|__console] [line:40] INFO    : 获取用户信息-- //div[@class='myMessage2']//div[@class='xinxi']/span[3]
[2022-05-14 15:17:43,990] [log.py|__console] [line:40] INFO    : 获取用户信息-- //div[@class='myMessage2']//div[@class='xinxi']/span[4]
[2022-05-14 15:17:59,786] [log.py|__console] [line:46] ERROR   : <pages.personal_center.PersonalCenter object at 0x0000000004EC97F0>页面未找到('xpath', "//div[@class='myMessage2']//div[@class='xinxi']/span[4]")元素
[2022-05-14 15:17:59,787] [log.py|__console] [line:46] ERROR   : 'NoneType' object has no attribute 'text'
[2022-05-14 15:18:00,092] [log.py|__console] [line:40] INFO    : 鼠标悬停到个人头像上-- .monicker.fl.clearfix
[2022-05-14 15:18:00,394] [log.py|__console] [line:46] ERROR   : Message: element not interactable
  (Session info: chrome=100.0.4896.127)

