[2022-05-14 15:05:06,496] [log.py|__console] [line:40] INFO    : 点击 loginSty 元素跳转到登录页
[2022-05-14 15:05:06,569] [log.py|__console] [line:40] INFO    : 定位 [placeholder='请输入手机号'] 元素进行手机号输入
[2022-05-14 15:05:06,674] [log.py|__console] [line:40] INFO    : 定位 [placeholder='请输入密码'] 元素进行密码输入
[2022-05-14 15:05:06,742] [log.py|__console] [line:40] INFO    : 点击 //span[text()='登录'] 元素进行登录操作
[2022-05-14 15:05:06,785] [log.py|__console] [line:40] INFO    : 切换模块-- //li[text()='我的简历']
[2022-05-14 15:05:07,361] [log.py|__console] [line:40] INFO    : 点击我的名片中的编辑按钮-- //div[@class='myMessage2']//span[@class='riCompile']/span
[2022-05-14 15:05:07,469] [log.py|__console] [line:40] INFO    : 编辑名片中，点击生日控件-- //div[@class='xinxi']/div[@class='top'][1]//input
[2022-05-14 15:05:08,890] [log.py|__console] [line:40] INFO    : 切换出生日期-- .available * span:nth-child(1)
[2022-05-14 15:05:08,931] [log.py|__console] [line:40] INFO    : 点击学历选择框-- div.xinxi div.el-select input.el-input__inner
[2022-05-14 15:05:08,995] [log.py|__console] [line:40] INFO    : 选择学历-- div[x-placement=top-start]
[2022-05-14 15:05:09,047] [log.py|__console] [line:40] INFO    : 点击工龄选择框-- div.wantjob div.el-select input.el-input__inner
[2022-05-14 15:05:09,100] [log.py|__console] [line:40] INFO    : 选择工龄-- //span[text()='1-3年']
[2022-05-14 15:05:09,123] [log.py|__console] [line:46] ERROR   : Message: element not interactable
  (Session info: chrome=100.0.4896.127)

[2022-05-14 15:05:09,124] [log.py|__console] [line:40] INFO    : 确认修改编辑后的我的名片-- //div[@class='compileMyMessage']//span[@class='riCompile']/span[2]
[2022-05-14 15:05:09,159] [log.py|__console] [line:40] INFO    : 获取用户信息-- //div[@class='myMessage2']//div[@class='xinxi']/span[2]
[2022-05-14 15:05:09,679] [log.py|__console] [line:40] INFO    : 获取用户信息-- //div[@class='myMessage2']//div[@class='xinxi']/span[3]
[2022-05-14 15:05:10,199] [log.py|__console] [line:40] INFO    : 获取用户信息-- //div[@class='myMessage2']//div[@class='xinxi']/span[4]
[2022-05-14 15:05:25,968] [log.py|__console] [line:46] ERROR   : <pages.personal_center.PersonalCenter object at 0x0000000003A8D310>页面未找到('xpath', "//div[@class='myMessage2']//div[@class='xinxi']/span[4]")元素
[2022-05-14 15:05:25,968] [log.py|__console] [line:46] ERROR   : 'NoneType' object has no attribute 'text'
[2022-05-14 15:05:26,140] [log.py|__console] [line:40] INFO    : 鼠标悬停到个人头像上-- .monicker.fl.clearfix
