[2022-05-09 18:04:43,966] [log.py|__console] [line:40] INFO    : 鼠标悬停，停留在服务行业，对行业详情进行展开-- //ul[@class='above']//div[text()='服务行业' and @class='fl']
[2022-05-09 18:04:44,273] [log.py|__console] [line:40] INFO    : 选择三级岗位--  促销导购 
[2022-05-09 18:04:44,768] [log.py|__console] [line:40] INFO    : 获取列表中的岗位名称-- //div[@class='leftCentent']/ul[1]//p[@class='textStyle']/span[1]
[2022-05-09 18:04:45,287] [log.py|__console] [line:40] INFO    : 获取列表中的企业名称-- //div[@class='leftCentent']/ul[1]//p[@class='textStyle']/span[2]
[2022-05-09 18:04:45,808] [log.py|__console] [line:40] INFO    : 获取列表中的岗位类型-- //div[@class='leftCentent']/ul[1]//span[@class='Textright']
[2022-05-09 18:04:46,338] [log.py|__console] [line:40] INFO    : 获取列表中的岗位名称-- //div[@class='leftCentent']/ul[2]//p[@class='textStyle']/span[1]
[2022-05-09 18:04:46,857] [log.py|__console] [line:40] INFO    : 获取列表中的企业名称-- //div[@class='leftCentent']/ul[2]//p[@class='textStyle']/span[2]
[2022-05-09 18:04:47,377] [log.py|__console] [line:40] INFO    : 获取列表中的岗位类型-- //div[@class='leftCentent']/ul[2]//span[@class='Textright']
[2022-05-09 18:04:47,907] [log.py|__console] [line:40] INFO    : 获取列表中的岗位名称-- //div[@class='leftCentent']/ul[3]//p[@class='textStyle']/span[1]
[2022-05-09 18:04:48,446] [log.py|__console] [line:40] INFO    : 获取列表中的企业名称-- //div[@class='leftCentent']/ul[3]//p[@class='textStyle']/span[2]
[2022-05-09 18:04:48,969] [log.py|__console] [line:40] INFO    : 获取列表中的岗位类型-- //div[@class='leftCentent']/ul[3]//span[@class='Textright']
[2022-05-09 18:04:49,504] [log.py|__console] [line:40] INFO    : 获取列表中的岗位名称-- //div[@class='leftCentent']/ul[4]//p[@class='textStyle']/span[1]
[2022-05-09 18:04:50,026] [log.py|__console] [line:40] INFO    : 获取列表中的企业名称-- //div[@class='leftCentent']/ul[4]//p[@class='textStyle']/span[2]
[2022-05-09 18:04:50,543] [log.py|__console] [line:40] INFO    : 获取列表中的岗位类型-- //div[@class='leftCentent']/ul[4]//span[@class='Textright']
[2022-05-09 18:04:51,081] [log.py|__console] [line:40] INFO    : 获取列表中的岗位名称-- //div[@class='leftCentent']/ul[5]//p[@class='textStyle']/span[1]
[2022-05-09 18:04:51,602] [log.py|__console] [line:40] INFO    : 获取列表中的企业名称-- //div[@class='leftCentent']/ul[5]//p[@class='textStyle']/span[2]
[2022-05-09 18:04:52,121] [log.py|__console] [line:40] INFO    : 获取列表中的岗位类型-- //div[@class='leftCentent']/ul[5]//span[@class='Textright']
[2022-05-09 18:04:52,653] [log.py|__console] [line:40] INFO    : 获取列表中的岗位名称-- //div[@class='leftCentent']/ul[6]//p[@class='textStyle']/span[1]
[2022-05-09 18:04:53,171] [log.py|__console] [line:40] INFO    : 获取列表中的企业名称-- //div[@class='leftCentent']/ul[6]//p[@class='textStyle']/span[2]
[2022-05-09 18:04:53,691] [log.py|__console] [line:40] INFO    : 获取列表中的岗位类型-- //div[@class='leftCentent']/ul[6]//span[@class='Textright']
[2022-05-09 18:04:54,219] [log.py|__console] [line:40] INFO    : 获取列表中的岗位名称-- //div[@class='leftCentent']/ul[7]//p[@class='textStyle']/span[1]
[2022-05-09 18:04:54,739] [log.py|__console] [line:40] INFO    : 获取列表中的企业名称-- //div[@class='leftCentent']/ul[7]//p[@class='textStyle']/span[2]
[2022-05-09 18:04:55,259] [log.py|__console] [line:40] INFO    : 获取列表中的岗位类型-- //div[@class='leftCentent']/ul[7]//span[@class='Textright']
[2022-05-09 18:04:55,790] [log.py|__console] [line:40] INFO    : 获取列表中的岗位名称-- //div[@class='leftCentent']/ul[8]//p[@class='textStyle']/span[1]
[2022-05-09 18:04:56,310] [log.py|__console] [line:40] INFO    : 获取列表中的企业名称-- //div[@class='leftCentent']/ul[8]//p[@class='textStyle']/span[2]
[2022-05-09 18:04:56,831] [log.py|__console] [line:40] INFO    : 获取列表中的岗位类型-- //div[@class='leftCentent']/ul[8]//span[@class='Textright']
