[2022-05-13 11:14:35,677] [log.py|__console] [line:40] INFO    : 点击 loginSty 元素跳转到登录页
[2022-05-13 11:14:36,406] [log.py|__console] [line:40] INFO    : 定位 [placeholder='请输入手机号'] 元素进行手机号输入
[2022-05-13 11:14:36,499] [log.py|__console] [line:40] INFO    : 定位 [placeholder='请输入密码'] 元素进行密码输入
[2022-05-13 11:14:36,573] [log.py|__console] [line:40] INFO    : 点击 //span[text()='登录'] 元素进行登录操作
[2022-05-13 11:14:36,637] [log.py|__console] [line:40] INFO    : 切换模块-- //li[text()='我的简历']
[2022-05-13 11:14:37,210] [log.py|__console] [line:40] INFO    : 获取我的名片中全部文本-- div.myMessage2
[2022-05-13 11:14:37,741] [log.py|__console] [line:40] INFO    : 获取工作经验中全部文本-- div.myMessage3
[2022-05-13 11:14:38,262] [log.py|__console] [line:40] INFO    : 获取技能证书中全部文本-- div.myMessage4
[2022-05-13 11:14:38,782] [log.py|__console] [line:40] INFO    : 点击简历刷新-- div.rinei>div:first-child h2:first-child span+a span span
[2022-05-13 11:14:38,867] [log.py|__console] [line:40] INFO    : 获取我的名片中全部文本-- div.myMessage2
[2022-05-13 11:14:39,428] [log.py|__console] [line:40] INFO    : 获取工作经验中全部文本-- div.myMessage3
[2022-05-13 11:14:39,952] [log.py|__console] [line:40] INFO    : 获取技能证书中全部文本-- div.myMessage4
[2022-05-13 11:14:40,610] [log.py|__console] [line:46] ERROR   : 我的名片
编辑
等等
男|22岁|博士|应届生
电工学徒工锅炉工
地址：广东省广州市白云区
自我介绍：自我介绍 ☔️ 自我介绍 ☔️ 自我介绍 ☔️ 自自我介绍 ☔️ 介绍 ☔️ 自我介绍 ☔️ 自我介绍 ☔️
[2022-05-13 11:14:40,610] [log.py|__console] [line:46] ERROR   : 我的名片
等等
男|22岁|博士| 应届生
地址：广东省广州市白云区
自我介绍：自我介绍 ☔️ 自我介绍 ☔️ 自我介绍 ☔️ 自自我介绍 ☔️ 介绍 ☔️ 自我介绍 ☔️ 自我介绍 ☔️
[2022-05-13 11:14:40,614] [log.py|__console] [line:46] ERROR   : 工作经历
编辑
暂时没有工作经历，点击有上角编辑添加~
[2022-05-13 11:14:40,615] [log.py|__console] [line:46] ERROR   : 工作经历
暂时未添加工作经历!!!
[2022-05-13 11:14:40,618] [log.py|__console] [line:46] ERROR   : 技能证书
编辑
暂时没有技能证书，点击有上角编辑添加~
[2022-05-13 11:14:40,619] [log.py|__console] [line:46] ERROR   : 技能证书
暂时未添加技能证书!!!
[2022-05-13 11:14:40,642] [log.py|__console] [line:40] INFO    : 鼠标悬停到个人头像上-- .monicker.fl.clearfix
[2022-05-13 11:14:55,824] [log.py|__console] [line:46] ERROR   : <pages.login_login.LoginFun object at 0x0000000003943BE0>页面未找到('css selector', '.monicker.fl.clearfix')元素
[2022-05-13 11:14:55,824] [log.py|__console] [line:46] ERROR   : move_to requires a WebElement
[2022-05-13 11:15:10,999] [log.py|__console] [line:46] ERROR   : <pages.login_login.LoginFun object at 0x0000000003943BE0>页面未找到('css selector', 'div.exit')元素
[2022-05-13 11:15:10,999] [log.py|__console] [line:46] ERROR   : 'NoneType' object has no attribute 'click'
