[2022-05-13 12:03:29,716] [log.py|__console] [line:40] INFO    : 点击 loginSty 元素跳转到登录页
[2022-05-13 12:03:29,777] [log.py|__console] [line:40] INFO    : 定位 [placeholder='请输入手机号'] 元素进行手机号输入
[2022-05-13 12:03:29,889] [log.py|__console] [line:40] INFO    : 定位 [placeholder='请输入密码'] 元素进行密码输入
[2022-05-13 12:03:29,954] [log.py|__console] [line:40] INFO    : 点击 //span[text()='登录'] 元素进行登录操作
[2022-05-13 12:03:30,029] [log.py|__console] [line:40] INFO    : 切换模块-- //li[text()='我的简历']
[2022-05-13 12:03:30,605] [log.py|__console] [line:40] INFO    : 获取我的名片中全部文本-- div.myMessage2 div
[2022-05-13 12:03:31,131] [log.py|__console] [line:40] INFO    : 获取工作经验中全部文本-- div.myMessage3 div
[2022-05-13 12:03:31,651] [log.py|__console] [line:40] INFO    : 获取技能证书中全部文本-- div.myMessage4 div
[2022-05-13 12:03:32,172] [log.py|__console] [line:40] INFO    : 点击简历刷新-- div.rinei>div:first-child h2:first-child span+a span span
[2022-05-13 12:03:32,245] [log.py|__console] [line:40] INFO    : 获取我的名片中全部文本-- div.myMessage2 div
[2022-05-13 12:03:32,854] [log.py|__console] [line:40] INFO    : 获取工作经验中全部文本-- div.myMessage3 div
[2022-05-13 12:03:33,380] [log.py|__console] [line:40] INFO    : 获取技能证书中全部文本-- div.myMessage4 div
[2022-05-13 12:03:34,038] [log.py|__console] [line:46] ERROR   : 等等
男|22岁|博士|应届生
电工学徒工锅炉工
地址：广东省广州市白云区
自我介绍：自我介绍 ☔️ 自我介绍 ☔️ 自我介绍 ☔️ 自自我介绍 ☔️ 介绍 ☔️ 自我介绍 ☔️ 自我介绍 ☔️
[2022-05-13 12:03:34,038] [log.py|__console] [line:46] ERROR   : 等等
男|22岁|博士| 应届生
地址：广东省广州市白云区
自我介绍：自我介绍 ☔️ 自我介绍 ☔️ 自我介绍 ☔️ 自自我介绍 ☔️ 介绍 ☔️ 自我介绍 ☔️ 自我介绍 ☔️
[2022-05-13 12:03:34,042] [log.py|__console] [line:46] ERROR   : 暂时没有工作经历，点击有上角编辑添加~
[2022-05-13 12:03:34,043] [log.py|__console] [line:46] ERROR   : 暂时未添加工作经历!!!
[2022-05-13 12:03:34,047] [log.py|__console] [line:46] ERROR   : 暂时没有技能证书，点击有上角编辑添加~
[2022-05-13 12:03:34,047] [log.py|__console] [line:46] ERROR   : 暂时未添加技能证书!!!
[2022-05-13 12:03:34,071] [log.py|__console] [line:40] INFO    : 鼠标悬停到个人头像上-- .monicker.fl.clearfix
[2022-05-13 12:03:49,250] [log.py|__console] [line:46] ERROR   : <pages.login_login.LoginFun object at 0x0000000003A5A8B0>页面未找到('css selector', '.monicker.fl.clearfix')元素
[2022-05-13 12:03:49,250] [log.py|__console] [line:46] ERROR   : move_to requires a WebElement
[2022-05-13 12:04:04,430] [log.py|__console] [line:46] ERROR   : <pages.login_login.LoginFun object at 0x0000000003A5A8B0>页面未找到('css selector', 'div.exit')元素
[2022-05-13 12:04:04,430] [log.py|__console] [line:46] ERROR   : 'NoneType' object has no attribute 'click'
